Arguments: 
  /usr/local/bin/node /usr/local/bin/yarn

PATH: 
  /opt/homebrew/Cellar/nodenv/1.4.0/libexec:/opt/homebrew/opt/libpq/bin:/Users/cont-s-sahu/.nodenv/shims:/opt/homebrew/bin:/opt/homebrew/sbin:/usr/local/bin:/usr/bin:/bin:/usr/sbin:/sbin:/Users/cont-s-sahu/.goenv/versions/1.17.3/bin:/Users/cont-s-sahu/.goenv/bin:/Users/cont-s-sahu/.goenv/shims:/Users/cont-s-sahu/.nodenv/shims:/opt/homebrew/bin:/opt/homebrew/sbin:/Users/cont-s-sahu/go/1.17.3/bin

Yarn version: 
  1.22.19

Node version: 
  16.15.0

Platform: 
  darwin arm64

Trace: 
  SyntaxError: /Users/cont-s-sahu/alpha-workout-tracker/package.json: Unexpected token ] in JSON at position 104
      at JSON.parse (<anonymous>)
      at /usr/local/lib/node_modules/yarn/lib/cli.js:1629:59
      at Generator.next (<anonymous>)
      at step (/usr/local/lib/node_modules/yarn/lib/cli.js:310:30)
      at /usr/local/lib/node_modules/yarn/lib/cli.js:321:13

npm manifest: 
  {
      "private": true,
      "workspaces": [
          "packages/*"
      ],
      "nohoist": ["**/packages/**",]
  }

yarn manifest: 
  No manifest

Lockfile: 
  No lockfile
